# JRE version: Java(TM) SE Runtime Environment (21.0.11+9) (build 21.0.11+9-LTS-211)
# Java VM: Java HotSpot(TM) 64-Bit Server VM (21.0.11+9-LTS-211, mixed mode, sharing, tiered, compressed oops, compressed class ptrs, g1 gc, windows-amd64)
GC Precious Log:
 CardTable entry size: 512
 Card Set container configuration: InlinePtr #cards 5 size 8 Array Of Cards #cards 12 size 40 Howl #buckets 4 coarsen threshold 1843 Howl Bitmap #cards 512 size 80 coarsen threshold 460 Card regions per heap region 1 cards per card region 2048
 CPUs: 8 total, 8 available
 Memory: 7379M
 Large Page Support: Disabled
 NUMA Support: Disabled
 Compressed Oops: Enabled (32-bit)
 Heap Region Size: 1M
 Heap Min Capacity: 8M
 Heap Initial Capacity: 116M
 Heap Max Capacity: 1846M
 Pre-touch: Disabled
 Parallel Workers: 8
 Concurrent Workers: 2
 Concurrent Refinement Workers: 8
 Periodic GC: Disabled
Heap:
 garbage-first heap   total 109568K, used 72514K [0x000000008ca00000, 0x0000000100000000)
  region size 1024K, 23 young (23552K), 3 survivors (3072K)
 Metaspace       used 38437K, committed 38912K, reserved 1114112K
  class space    used 4337K, committed 4608K, reserved 1048576K
GC Heap History (20 events):
Event: 48.911 GC heap before
{Heap before GC invocations=12 (full 0):
 garbage-first heap   total 53248K, used 46248K [0x000000008ca00000, 0x0000000100000000)
  region size 1024K, 21 young (21504K), 2 survivors (2048K)
 Metaspace       used 26293K, committed 26624K, reserved 1114112K
  class space    used 2927K, committed 3072K, reserved 1048576K
}
Event: 48.923 GC heap after
{Heap after GC invocations=13 (full 0):
 garbage-first heap   total 53248K, used 27901K [0x000000008ca00000, 0x0000000100000000)
  region size 1024K, 3 young (3072K), 3 survivors (3072K)
 Metaspace       used 26293K, committed 26624K, reserved 1114112K
  class space    used 2927K, committed 3072K, reserved 1048576K
}
Event: 49.848 GC heap before
{Heap before GC invocations=14 (full 0):
 garbage-first heap   total 56320K, used 50429K [0x000000008ca00000, 0x0000000100000000)
  region size 1024K, 20 young (20480K), 3 survivors (3072K)
 Metaspace       used 28980K, committed 29440K, reserved 1114112K
  class space    used 3235K, committed 3456K, reserved 1048576K
}
Event: 49.858 GC heap after
{Heap after GC invocations=15 (full 0):
 garbage-first heap   total 56320K, used 35215K [0x000000008ca00000, 0x0000000100000000)
  region size 1024K, 3 young (3072K), 3 survivors (3072K)
 Metaspace       used 28980K, committed 29440K, reserved 1114112K
  class space    used 3235K, committed 3456K, reserved 1048576K
}
Event: 50.456 GC heap before
{Heap before GC invocations=15 (full 0):
 garbage-first heap   total 56320K, used 47503K [0x000000008ca00000, 0x0000000100000000)
  region size 1024K, 16 young (16384K), 3 survivors (3072K)
 Metaspace       used 34469K, committed 34880K, reserved 1114112K
  class space    used 3871K, committed 4032K, reserved 1048576K
}
Event: 50.474 GC heap after
{Heap after GC invocations=16 (full 0):
 garbage-first heap   total 59392K, used 38782K [0x000000008ca00000, 0x0000000100000000)
  region size 1024K, 2 young (2048K), 2 survivors (2048K)
 Metaspace       used 34469K, committed 34880K, reserved 1114112K
  class space    used 3871K, committed 4032K, reserved 1048576K
}
Event: 50.678 GC heap before
{Heap before GC invocations=16 (full 0):
 garbage-first heap   total 59392K, used 50046K [0x000000008ca00000, 0x0000000100000000)
  region size 1024K, 13 young (13312K), 2 survivors (2048K)
 Metaspace       used 34650K, committed 35072K, reserved 1114112K
  class space    used 3896K, committed 4096K, reserved 1048576K
}
Event: 50.685 GC heap after
{Heap after GC invocations=17 (full 0):
 garbage-first heap   total 71680K, used 42496K [0x000000008ca00000, 0x0000000100000000)
  region size 1024K, 2 young (2048K), 2 survivors (2048K)
 Metaspace       used 34650K, committed 35072K, reserved 1114112K
  class space    used 3896K, committed 4096K, reserved 1048576K
}
Event: 51.257 GC heap before
{Heap before GC invocations=18 (full 0):
 garbage-first heap   total 75776K, used 60928K [0x000000008ca00000, 0x0000000100000000)
  region size 1024K, 17 young (17408K), 2 survivors (2048K)
 Metaspace       used 35560K, committed 35968K, reserved 1114112K
  class space    used 4006K, committed 4160K, reserved 1048576K
}
Event: 51.270 GC heap after
{Heap after GC invocations=19 (full 0):
 garbage-first heap   total 75776K, used 48091K [0x000000008ca00000, 0x0000000100000000)
  region size 1024K, 3 young (3072K), 3 survivors (3072K)
 Metaspace       used 35560K, committed 35968K, reserved 1114112K
  class space    used 4006K, committed 4160K, reserved 1048576K
}
Event: 51.579 GC heap before
{Heap before GC invocations=19 (full 0):
 garbage-first heap   total 75776K, used 63451K [0x000000008ca00000, 0x0000000100000000)
  region size 1024K, 18 young (18432K), 3 survivors (3072K)
 Metaspace       used 35616K, committed 35968K, reserved 1114112K
  class space    used 4006K, committed 4160K, reserved 1048576K
}
Event: 51.598 GC heap after
{Heap after GC invocations=20 (full 0):
 garbage-first heap   total 76800K, used 56988K [0x000000008ca00000, 0x0000000100000000)
  region size 1024K, 3 young (3072K), 3 survivors (3072K)
 Metaspace       used 35616K, committed 35968K, reserved 1114112K
  class space    used 4006K, committed 4160K, reserved 1048576K
}
Event: 51.702 GC heap before
{Heap before GC invocations=20 (full 0):
 garbage-first heap   total 76800K, used 61084K [0x000000008ca00000, 0x0000000100000000)
  region size 1024K, 8 young (8192K), 3 survivors (3072K)
 Metaspace       used 35619K, committed 35968K, reserved 1114112K
  class space    used 4006K, committed 4160K, reserved 1048576K
}
Event: 51.707 GC heap after
{Heap after GC invocations=21 (full 0):
 garbage-first heap   total 76800K, used 58828K [0x000000008ca00000, 0x0000000100000000)
  region size 1024K, 2 young (2048K), 2 survivors (2048K)
 Metaspace       used 35619K, committed 35968K, reserved 1114112K
  class space    used 4006K, committed 4160K, reserved 1048576K
}
Event: 51.870 GC heap before
{Heap before GC invocations=22 (full 0):
 garbage-first heap   total 109568K, used 69068K [0x000000008ca00000, 0x0000000100000000)
  region size 1024K, 11 young (11264K), 2 survivors (2048K)
 Metaspace       used 35623K, committed 35968K, reserved 1114112K
  class space    used 4006K, committed 4160K, reserved 1048576K
}
Event: 51.877 GC heap after
{Heap after GC invocations=23 (full 0):
 garbage-first heap   total 109568K, used 62464K [0x000000008ca00000, 0x0000000100000000)
  region size 1024K, 2 young (2048K), 2 survivors (2048K)
 Metaspace       used 35623K, committed 35968K, reserved 1114112K
  class space    used 4006K, committed 4160K, reserved 1048576K
}
Event: 56.549 GC heap before
{Heap before GC invocations=23 (full 0):
 garbage-first heap   total 109568K, used 81920K [0x000000008ca00000, 0x0000000100000000)
  region size 1024K, 22 young (22528K), 2 survivors (2048K)
 Metaspace       used 35755K, committed 36160K, reserved 1114112K
  class space    used 4011K, committed 4160K, reserved 1048576K
}
Event: 56.560 GC heap after
{Heap after GC invocations=24 (full 0):
 garbage-first heap   total 109568K, used 54618K [0x000000008ca00000, 0x0000000100000000)
  region size 1024K, 2 young (2048K), 2 survivors (2048K)
 Metaspace       used 35755K, committed 36160K, reserved 1114112K
  class space    used 4011K, committed 4160K, reserved 1048576K
}
Event: 59.244 GC heap before
{Heap before GC invocations=24 (full 0):
 garbage-first heap   total 109568K, used 80218K [0x000000008ca00000, 0x0000000100000000)
  region size 1024K, 27 young (27648K), 2 survivors (2048K)
 Metaspace       used 36822K, committed 37184K, reserved 1114112K
  class space    used 4083K, committed 4224K, reserved 1048576K
}
Event: 59.255 GC heap after
{Heap after GC invocations=25 (full 0):
 garbage-first heap   total 109568K, used 56130K [0x000000008ca00000, 0x0000000100000000)
  region size 1024K, 3 young (3072K), 3 survivors (3072K)
 Metaspace       used 36822K, committed 37184K, reserved 1114112K
  class space    used 4083K, committed 4224K, reserved 1048576K
}

